<?xml version="1.0" encoding="UTF-8"?>
<testsuite name="com.bridgelabz.IPLLeagueAnalysis.IPLLeagueAnalysisTest" tests="11" skipped="0" failures="0" errors="0" timestamp="2020-11-12T08:09:50" hostname="DESKTOP-9I4U5L1" time="3.053">
  <properties/>
  <testcase name="givenBattingAnalysisData_WhenMaximumRunWithBestAverage_ShouldReturnResult" classname="com.bridgelabz.IPLLeagueAnalysis.IPLLeagueAnalysisTest" time="0.715"/>
  <testcase name="givenBowlingAnalysisData_WhenBestEconomyRate_ShouldReturnResult" classname="com.bridgelabz.IPLLeagueAnalysis.IPLLeagueAnalysisTest" time="0.162"/>
  <testcase name="givenBattingAnalysisData_WhenGreatAverageWithBestStrikeRate_ShouldReturnResult" classname="com.bridgelabz.IPLLeagueAnalysis.IPLLeagueAnalysisTest" time="0.33"/>
  <testcase name="givenBattingAnalysisData_WhenMax6sAnd4s_ShouldReturnResult" classname="com.bridgelabz.IPLLeagueAnalysis.IPLLeagueAnalysisTest" time="0.453"/>
  <testcase name="givenBowlingAnalysisData_WhenGreatBowlingaverageWithBestStrikeRate_ShouldReturnResult" classname="com.bridgelabz.IPLLeagueAnalysis.IPLLeagueAnalysisTest" time="0.208"/>
  <testcase name="givenBattingAnalysisData_WhenStrikeRateMax6sAnd4s_ShouldReturnResult" classname="com.bridgelabz.IPLLeagueAnalysis.IPLLeagueAnalysisTest" time="0.357"/>
  <testcase name="givenBowlingAnalysisData_WhenBestStrikeRateWith5wAnd4w_ShouldReturnResult" classname="com.bridgelabz.IPLLeagueAnalysis.IPLLeagueAnalysisTest" time="0.153"/>
  <testcase name="givenBowlingAnalysisData_WhenTopBowlingAverage_ShouldReturnResult" classname="com.bridgelabz.IPLLeagueAnalysis.IPLLeagueAnalysisTest" time="0.207"/>
  <testcase name="givenBattingAnalysisData_ShouldSortedOnAverage" classname="com.bridgelabz.IPLLeagueAnalysis.IPLLeagueAnalysisTest" time="0.163"/>
  <testcase name="givenBattingAnalysisData_ShouldSortedOnStrikeRate" classname="com.bridgelabz.IPLLeagueAnalysis.IPLLeagueAnalysisTest" time="0.183"/>
  <testcase name="givenBowlingAnalysisData_WhenTopStrikingRate_ShouldReturnResult" classname="com.bridgelabz.IPLLeagueAnalysis.IPLLeagueAnalysisTest" time="0.117"/>
  <system-out><![CDATA[]]></system-out>
  <system-err><![CDATA[]]></system-err>
</testsuite>
