<?xml version="1.0" encoding="UTF-8"?>
<testsuite name="com.bridgelabz.IPLLeagueAnalysis.IPLLeagueAnalysisTest" tests="1" skipped="0" failures="0" errors="0" timestamp="2020-11-11T07:12:58" hostname="DESKTOP-9I4U5L1" time="0.757">
  <properties/>
  <testcase name="givenBowlingAnalysisData_WhenTopBowlingAverage_ShouldReturnResult" classname="com.bridgelabz.IPLLeagueAnalysis.IPLLeagueAnalysisTest" time="0.757"/>
  <system-out><![CDATA[]]></system-out>
  <system-err><![CDATA[]]></system-err>
</testsuite>
