<?xml version="1.0" encoding="UTF-8"?>
<testsuite name="com.bridgelabz.IPLLeagueAnalysis.IPLLeagueAnalysisTest" tests="2" skipped="0" failures="0" errors="0" timestamp="2020-11-11T02:28:26" hostname="DESKTOP-9I4U5L1" time="0.657">
  <properties/>
  <testcase name="givenBattingAnalysisCsvFile_ShouldReturnCorrectRecords" classname="com.bridgelabz.IPLLeagueAnalysis.IPLLeagueAnalysisTest" time="0.513"/>
  <testcase name="givenBowlingAnalysisCsvFile_ShouldReturnCorrectRecords" classname="com.bridgelabz.IPLLeagueAnalysis.IPLLeagueAnalysisTest" time="0.144"/>
  <system-out><![CDATA[]]></system-out>
  <system-err><![CDATA[]]></system-err>
</testsuite>
