<?xml version="1.0" encoding="UTF-8"?>
<testsuite name="com.bridgelabz.IPLLeagueAnalysis.IPLLeagueAnalysisTest" tests="11" skipped="0" failures="0" errors="0" timestamp="2020-11-12T08:07:16" hostname="DESKTOP-9I4U5L1" time="3.12">
  <properties/>
  <testcase name="givenBattingAnalysisData_WhenMaximumRunWithBestAverage_ShouldReturnResult" classname="com.bridgelabz.IPLLeagueAnalysis.IPLLeagueAnalysisTest" time="0.715"/>
  <testcase name="givenBowlingAnalysisData_WhenBestEconomyRate_ShouldReturnResult" classname="com.bridgelabz.IPLLeagueAnalysis.IPLLeagueAnalysisTest" time="0.168"/>
  <testcase name="givenBattingAnalysisData_WhenGreatAverageWithBestStrikeRate_ShouldReturnResult" classname="com.bridgelabz.IPLLeagueAnalysis.IPLLeagueAnalysisTest" time="0.366"/>
  <testcase name="givenBattingAnalysisData_WhenMax6sAnd4s_ShouldReturnResult" classname="com.bridgelabz.IPLLeagueAnalysis.IPLLeagueAnalysisTest" time="0.363"/>
  <testcase name="givenBowlingAnalysisData_WhenGreatBowlingaverageWithBestStrikeRate_ShouldReturnResult" classname="com.bridgelabz.IPLLeagueAnalysis.IPLLeagueAnalysisTest" time="0.229"/>
  <testcase name="givenBattingAnalysisData_WhenStrikeRateMax6sAnd4s_ShouldReturnResult" classname="com.bridgelabz.IPLLeagueAnalysis.IPLLeagueAnalysisTest" time="0.411"/>
  <testcase name="givenBowlingAnalysisData_WhenBestStrikeRateWith5wAnd4w_ShouldReturnResult" classname="com.bridgelabz.IPLLeagueAnalysis.IPLLeagueAnalysisTest" time="0.19"/>
  <testcase name="givenBowlingAnalysisData_WhenTopBowlingAverage_ShouldReturnResult" classname="com.bridgelabz.IPLLeagueAnalysis.IPLLeagueAnalysisTest" time="0.154"/>
  <testcase name="givenBattingAnalysisData_ShouldSortedOnAverage" classname="com.bridgelabz.IPLLeagueAnalysis.IPLLeagueAnalysisTest" time="0.167"/>
  <testcase name="givenBattingAnalysisData_ShouldSortedOnStrikeRate" classname="com.bridgelabz.IPLLeagueAnalysis.IPLLeagueAnalysisTest" time="0.203"/>
  <testcase name="givenBowlingAnalysisData_WhenTopStrikingRate_ShouldReturnResult" classname="com.bridgelabz.IPLLeagueAnalysis.IPLLeagueAnalysisTest" time="0.149"/>
  <system-out><![CDATA[]]></system-out>
  <system-err><![CDATA[]]></system-err>
</testsuite>
